[2026-03-03T00:31:29.665+0000] {processor.py:161} INFO - Started process (PID=2392) to work on /opt/airflow/dags/etl_dag.py
[2026-03-03T00:31:29.668+0000] {processor.py:830} INFO - Processing file /opt/airflow/dags/etl_dag.py for tasks to queue
[2026-03-03T00:31:29.673+0000] {logging_mixin.py:188} INFO - [2026-03-03T00:31:29.672+0000] {dagbag.py:538} INFO - Filling up the DagBag from /opt/airflow/dags/etl_dag.py
[2026-03-03T00:31:30.821+0000] {processor.py:840} INFO - DAG(s) 'etl_pipeline' retrieved from /opt/airflow/dags/etl_dag.py
[2026-03-03T00:31:30.911+0000] {logging_mixin.py:188} INFO - [2026-03-03T00:31:30.909+0000] {dag.py:3036} INFO - Sync 1 DAGs
[2026-03-03T00:31:31.308+0000] {logging_mixin.py:188} INFO - [2026-03-03T00:31:31.307+0000] {dag.py:3823} INFO - Setting next_dagrun for etl_pipeline to None, run_after=None
[2026-03-03T00:31:31.331+0000] {processor.py:183} INFO - Processing /opt/airflow/dags/etl_dag.py took 1.680 seconds
[2026-03-03T02:52:42.399+0000] {processor.py:161} INFO - Started process (PID=2398) to work on /opt/airflow/dags/etl_dag.py
[2026-03-03T02:52:42.400+0000] {processor.py:830} INFO - Processing file /opt/airflow/dags/etl_dag.py for tasks to queue
[2026-03-03T02:52:42.401+0000] {logging_mixin.py:188} INFO - [2026-03-03T02:52:42.401+0000] {dagbag.py:538} INFO - Filling up the DagBag from /opt/airflow/dags/etl_dag.py
[2026-03-03T02:52:42.894+0000] {processor.py:840} INFO - DAG(s) 'etl_pipeline' retrieved from /opt/airflow/dags/etl_dag.py
[2026-03-03T02:52:42.963+0000] {logging_mixin.py:188} INFO - [2026-03-03T02:52:42.962+0000] {dag.py:3036} INFO - Sync 1 DAGs
[2026-03-03T02:52:42.994+0000] {logging_mixin.py:188} INFO - [2026-03-03T02:52:42.994+0000] {dag.py:3823} INFO - Setting next_dagrun for etl_pipeline to None, run_after=None
[2026-03-03T02:52:43.024+0000] {processor.py:183} INFO - Processing /opt/airflow/dags/etl_dag.py took 0.640 seconds
[2026-03-03T02:54:16.474+0000] {processor.py:161} INFO - Started process (PID=2406) to work on /opt/airflow/dags/etl_dag.py
[2026-03-03T02:54:16.477+0000] {processor.py:830} INFO - Processing file /opt/airflow/dags/etl_dag.py for tasks to queue
[2026-03-03T02:54:16.478+0000] {logging_mixin.py:188} INFO - [2026-03-03T02:54:16.477+0000] {dagbag.py:538} INFO - Filling up the DagBag from /opt/airflow/dags/etl_dag.py
[2026-03-03T02:54:16.881+0000] {processor.py:840} INFO - DAG(s) 'etl_pipeline' retrieved from /opt/airflow/dags/etl_dag.py
[2026-03-03T02:54:16.932+0000] {logging_mixin.py:188} INFO - [2026-03-03T02:54:16.932+0000] {dag.py:3036} INFO - Sync 1 DAGs
[2026-03-03T02:54:16.947+0000] {logging_mixin.py:188} INFO - [2026-03-03T02:54:16.947+0000] {dag.py:3823} INFO - Setting next_dagrun for etl_pipeline to None, run_after=None
[2026-03-03T02:54:16.965+0000] {processor.py:183} INFO - Processing /opt/airflow/dags/etl_dag.py took 0.498 seconds
[2026-03-03T02:54:47.400+0000] {processor.py:161} INFO - Started process (PID=2412) to work on /opt/airflow/dags/etl_dag.py
[2026-03-03T02:54:47.404+0000] {processor.py:830} INFO - Processing file /opt/airflow/dags/etl_dag.py for tasks to queue
[2026-03-03T02:54:47.409+0000] {logging_mixin.py:188} INFO - [2026-03-03T02:54:47.406+0000] {dagbag.py:538} INFO - Filling up the DagBag from /opt/airflow/dags/etl_dag.py
[2026-03-03T02:54:47.958+0000] {processor.py:840} INFO - DAG(s) 'etl_pipeline' retrieved from /opt/airflow/dags/etl_dag.py
[2026-03-03T02:54:48.035+0000] {logging_mixin.py:188} INFO - [2026-03-03T02:54:48.034+0000] {dag.py:3036} INFO - Sync 1 DAGs
[2026-03-03T02:54:48.060+0000] {logging_mixin.py:188} INFO - [2026-03-03T02:54:48.060+0000] {dag.py:3823} INFO - Setting next_dagrun for etl_pipeline to None, run_after=None
[2026-03-03T02:54:48.100+0000] {processor.py:183} INFO - Processing /opt/airflow/dags/etl_dag.py took 0.712 seconds
[2026-03-03T02:55:18.790+0000] {processor.py:161} INFO - Started process (PID=2418) to work on /opt/airflow/dags/etl_dag.py
[2026-03-03T02:55:18.791+0000] {processor.py:830} INFO - Processing file /opt/airflow/dags/etl_dag.py for tasks to queue
[2026-03-03T02:55:18.794+0000] {logging_mixin.py:188} INFO - [2026-03-03T02:55:18.792+0000] {dagbag.py:538} INFO - Filling up the DagBag from /opt/airflow/dags/etl_dag.py
[2026-03-03T02:55:19.216+0000] {processor.py:840} INFO - DAG(s) 'etl_pipeline' retrieved from /opt/airflow/dags/etl_dag.py
[2026-03-03T02:55:19.271+0000] {logging_mixin.py:188} INFO - [2026-03-03T02:55:19.271+0000] {dag.py:3036} INFO - Sync 1 DAGs
[2026-03-03T02:55:19.288+0000] {logging_mixin.py:188} INFO - [2026-03-03T02:55:19.287+0000] {dag.py:3823} INFO - Setting next_dagrun for etl_pipeline to None, run_after=None
[2026-03-03T02:55:19.309+0000] {processor.py:183} INFO - Processing /opt/airflow/dags/etl_dag.py took 0.529 seconds
[2026-03-03T02:55:49.787+0000] {processor.py:161} INFO - Started process (PID=2424) to work on /opt/airflow/dags/etl_dag.py
[2026-03-03T02:55:49.789+0000] {processor.py:830} INFO - Processing file /opt/airflow/dags/etl_dag.py for tasks to queue
[2026-03-03T02:55:49.790+0000] {logging_mixin.py:188} INFO - [2026-03-03T02:55:49.790+0000] {dagbag.py:538} INFO - Filling up the DagBag from /opt/airflow/dags/etl_dag.py
[2026-03-03T02:55:50.158+0000] {processor.py:840} INFO - DAG(s) 'etl_pipeline' retrieved from /opt/airflow/dags/etl_dag.py
[2026-03-03T02:55:50.206+0000] {logging_mixin.py:188} INFO - [2026-03-03T02:55:50.205+0000] {dag.py:3036} INFO - Sync 1 DAGs
[2026-03-03T02:55:50.229+0000] {logging_mixin.py:188} INFO - [2026-03-03T02:55:50.228+0000] {dag.py:3823} INFO - Setting next_dagrun for etl_pipeline to None, run_after=None
[2026-03-03T02:55:50.511+0000] {processor.py:183} INFO - Processing /opt/airflow/dags/etl_dag.py took 0.740 seconds
[2026-03-03T02:56:20.637+0000] {processor.py:161} INFO - Started process (PID=2430) to work on /opt/airflow/dags/etl_dag.py
[2026-03-03T02:56:20.640+0000] {processor.py:830} INFO - Processing file /opt/airflow/dags/etl_dag.py for tasks to queue
[2026-03-03T02:56:20.641+0000] {logging_mixin.py:188} INFO - [2026-03-03T02:56:20.640+0000] {dagbag.py:538} INFO - Filling up the DagBag from /opt/airflow/dags/etl_dag.py
[2026-03-03T02:56:21.107+0000] {processor.py:840} INFO - DAG(s) 'etl_pipeline' retrieved from /opt/airflow/dags/etl_dag.py
[2026-03-03T02:56:21.182+0000] {logging_mixin.py:188} INFO - [2026-03-03T02:56:21.180+0000] {dag.py:3036} INFO - Sync 1 DAGs
[2026-03-03T02:56:21.513+0000] {logging_mixin.py:188} INFO - [2026-03-03T02:56:21.512+0000] {dag.py:3823} INFO - Setting next_dagrun for etl_pipeline to None, run_after=None
[2026-03-03T02:56:21.528+0000] {processor.py:183} INFO - Processing /opt/airflow/dags/etl_dag.py took 0.905 seconds
[2026-03-03T02:56:51.975+0000] {processor.py:161} INFO - Started process (PID=2436) to work on /opt/airflow/dags/etl_dag.py
[2026-03-03T02:56:51.980+0000] {processor.py:830} INFO - Processing file /opt/airflow/dags/etl_dag.py for tasks to queue
[2026-03-03T02:56:51.982+0000] {logging_mixin.py:188} INFO - [2026-03-03T02:56:51.981+0000] {dagbag.py:538} INFO - Filling up the DagBag from /opt/airflow/dags/etl_dag.py
[2026-03-03T02:56:53.533+0000] {processor.py:840} INFO - DAG(s) 'etl_pipeline' retrieved from /opt/airflow/dags/etl_dag.py
[2026-03-03T02:56:53.614+0000] {logging_mixin.py:188} INFO - [2026-03-03T02:56:53.613+0000] {dag.py:3036} INFO - Sync 1 DAGs
[2026-03-03T02:56:53.652+0000] {logging_mixin.py:188} INFO - [2026-03-03T02:56:53.651+0000] {dag.py:3823} INFO - Setting next_dagrun for etl_pipeline to None, run_after=None
[2026-03-03T02:56:53.679+0000] {processor.py:183} INFO - Processing /opt/airflow/dags/etl_dag.py took 1.730 seconds
[2026-03-03T02:57:24.160+0000] {processor.py:161} INFO - Started process (PID=2442) to work on /opt/airflow/dags/etl_dag.py
[2026-03-03T02:57:24.163+0000] {processor.py:830} INFO - Processing file /opt/airflow/dags/etl_dag.py for tasks to queue
[2026-03-03T02:57:24.165+0000] {logging_mixin.py:188} INFO - [2026-03-03T02:57:24.164+0000] {dagbag.py:538} INFO - Filling up the DagBag from /opt/airflow/dags/etl_dag.py
[2026-03-03T02:57:24.685+0000] {processor.py:840} INFO - DAG(s) 'etl_pipeline' retrieved from /opt/airflow/dags/etl_dag.py
[2026-03-03T02:57:24.748+0000] {logging_mixin.py:188} INFO - [2026-03-03T02:57:24.747+0000] {dag.py:3036} INFO - Sync 1 DAGs
[2026-03-03T02:57:24.768+0000] {logging_mixin.py:188} INFO - [2026-03-03T02:57:24.768+0000] {dag.py:3823} INFO - Setting next_dagrun for etl_pipeline to None, run_after=None
[2026-03-03T02:57:24.787+0000] {processor.py:183} INFO - Processing /opt/airflow/dags/etl_dag.py took 0.639 seconds
[2026-03-03T02:57:55.271+0000] {processor.py:161} INFO - Started process (PID=2448) to work on /opt/airflow/dags/etl_dag.py
[2026-03-03T02:57:55.286+0000] {processor.py:830} INFO - Processing file /opt/airflow/dags/etl_dag.py for tasks to queue
[2026-03-03T02:57:55.288+0000] {logging_mixin.py:188} INFO - [2026-03-03T02:57:55.288+0000] {dagbag.py:538} INFO - Filling up the DagBag from /opt/airflow/dags/etl_dag.py
[2026-03-03T02:57:55.982+0000] {processor.py:840} INFO - DAG(s) 'etl_pipeline' retrieved from /opt/airflow/dags/etl_dag.py
[2026-03-03T02:57:56.101+0000] {logging_mixin.py:188} INFO - [2026-03-03T02:57:56.100+0000] {dag.py:3036} INFO - Sync 1 DAGs
[2026-03-03T02:57:56.136+0000] {logging_mixin.py:188} INFO - [2026-03-03T02:57:56.135+0000] {dag.py:3823} INFO - Setting next_dagrun for etl_pipeline to None, run_after=None
[2026-03-03T02:57:56.181+0000] {processor.py:183} INFO - Processing /opt/airflow/dags/etl_dag.py took 0.985 seconds
[2026-03-03T02:58:26.619+0000] {processor.py:161} INFO - Started process (PID=2454) to work on /opt/airflow/dags/etl_dag.py
[2026-03-03T02:58:26.621+0000] {processor.py:830} INFO - Processing file /opt/airflow/dags/etl_dag.py for tasks to queue
[2026-03-03T02:58:26.622+0000] {logging_mixin.py:188} INFO - [2026-03-03T02:58:26.622+0000] {dagbag.py:538} INFO - Filling up the DagBag from /opt/airflow/dags/etl_dag.py
[2026-03-03T02:58:26.993+0000] {processor.py:840} INFO - DAG(s) 'etl_pipeline' retrieved from /opt/airflow/dags/etl_dag.py
[2026-03-03T02:58:27.042+0000] {logging_mixin.py:188} INFO - [2026-03-03T02:58:27.042+0000] {dag.py:3036} INFO - Sync 1 DAGs
[2026-03-03T02:58:27.061+0000] {logging_mixin.py:188} INFO - [2026-03-03T02:58:27.061+0000] {dag.py:3823} INFO - Setting next_dagrun for etl_pipeline to None, run_after=None
[2026-03-03T02:58:27.316+0000] {processor.py:183} INFO - Processing /opt/airflow/dags/etl_dag.py took 0.703 seconds
[2026-03-03T02:58:57.826+0000] {processor.py:161} INFO - Started process (PID=2460) to work on /opt/airflow/dags/etl_dag.py
[2026-03-03T02:58:57.829+0000] {processor.py:830} INFO - Processing file /opt/airflow/dags/etl_dag.py for tasks to queue
[2026-03-03T02:58:57.836+0000] {logging_mixin.py:188} INFO - [2026-03-03T02:58:57.831+0000] {dagbag.py:538} INFO - Filling up the DagBag from /opt/airflow/dags/etl_dag.py
[2026-03-03T02:58:58.199+0000] {processor.py:840} INFO - DAG(s) 'etl_pipeline' retrieved from /opt/airflow/dags/etl_dag.py
[2026-03-03T02:58:58.258+0000] {logging_mixin.py:188} INFO - [2026-03-03T02:58:58.258+0000] {dag.py:3036} INFO - Sync 1 DAGs
[2026-03-03T02:58:58.524+0000] {logging_mixin.py:188} INFO - [2026-03-03T02:58:58.523+0000] {dag.py:3823} INFO - Setting next_dagrun for etl_pipeline to None, run_after=None
[2026-03-03T02:58:58.540+0000] {processor.py:183} INFO - Processing /opt/airflow/dags/etl_dag.py took 0.729 seconds
[2026-03-03T02:59:29.014+0000] {processor.py:161} INFO - Started process (PID=2466) to work on /opt/airflow/dags/etl_dag.py
[2026-03-03T02:59:29.020+0000] {processor.py:830} INFO - Processing file /opt/airflow/dags/etl_dag.py for tasks to queue
[2026-03-03T02:59:29.023+0000] {logging_mixin.py:188} INFO - [2026-03-03T02:59:29.022+0000] {dagbag.py:538} INFO - Filling up the DagBag from /opt/airflow/dags/etl_dag.py
[2026-03-03T02:59:29.425+0000] {processor.py:840} INFO - DAG(s) 'etl_pipeline' retrieved from /opt/airflow/dags/etl_dag.py
[2026-03-03T02:59:29.689+0000] {logging_mixin.py:188} INFO - [2026-03-03T02:59:29.466+0000] {dag.py:3036} INFO - Sync 1 DAGs
[2026-03-03T02:59:29.698+0000] {logging_mixin.py:188} INFO - [2026-03-03T02:59:29.698+0000] {dag.py:3823} INFO - Setting next_dagrun for etl_pipeline to None, run_after=None
[2026-03-03T02:59:29.711+0000] {processor.py:183} INFO - Processing /opt/airflow/dags/etl_dag.py took 0.714 seconds
[2026-03-03T02:59:59.802+0000] {processor.py:161} INFO - Started process (PID=2472) to work on /opt/airflow/dags/etl_dag.py
[2026-03-03T02:59:59.811+0000] {processor.py:830} INFO - Processing file /opt/airflow/dags/etl_dag.py for tasks to queue
[2026-03-03T02:59:59.813+0000] {logging_mixin.py:188} INFO - [2026-03-03T02:59:59.812+0000] {dagbag.py:538} INFO - Filling up the DagBag from /opt/airflow/dags/etl_dag.py
[2026-03-03T03:00:00.183+0000] {processor.py:840} INFO - DAG(s) 'etl_pipeline' retrieved from /opt/airflow/dags/etl_dag.py
[2026-03-03T03:00:00.230+0000] {logging_mixin.py:188} INFO - [2026-03-03T03:00:00.229+0000] {dag.py:3036} INFO - Sync 1 DAGs
[2026-03-03T03:00:00.247+0000] {logging_mixin.py:188} INFO - [2026-03-03T03:00:00.247+0000] {dag.py:3823} INFO - Setting next_dagrun for etl_pipeline to None, run_after=None
[2026-03-03T03:00:00.267+0000] {processor.py:183} INFO - Processing /opt/airflow/dags/etl_dag.py took 0.474 seconds
