[2026-03-03T08:23:39.867+0000] {taskinstance.py:1956} INFO - Dependencies all met for dep_context=non-requeueable deps ti=<TaskInstance: etl_pipeline.transform_timesheet manual__2026-03-03T08:18:09.287227+00:00 [queued]>
[2026-03-03T08:23:39.876+0000] {taskinstance.py:1956} INFO - Dependencies all met for dep_context=requeueable deps ti=<TaskInstance: etl_pipeline.transform_timesheet manual__2026-03-03T08:18:09.287227+00:00 [queued]>
[2026-03-03T08:23:39.876+0000] {taskinstance.py:2170} INFO - Starting attempt 2 of 2
[2026-03-03T08:23:39.891+0000] {taskinstance.py:2191} INFO - Executing <Task(PythonOperator): transform_timesheet> on 2026-03-03 08:18:09.287227+00:00
[2026-03-03T08:23:39.907+0000] {standard_task_runner.py:60} INFO - Started process 406 to run task
[2026-03-03T08:23:39.912+0000] {standard_task_runner.py:87} INFO - Running: ['airflow', 'tasks', 'run', 'etl_pipeline', 'transform_timesheet', 'manual__2026-03-03T08:18:09.287227+00:00', '--job-id', '73', '--raw', '--subdir', 'DAGS_FOLDER/etl_dag.py', '--cfg-path', '/tmp/tmpukimde21']
[2026-03-03T08:23:39.914+0000] {standard_task_runner.py:88} INFO - Job 73: Subtask transform_timesheet
[2026-03-03T08:23:39.980+0000] {task_command.py:423} INFO - Running <TaskInstance: etl_pipeline.transform_timesheet manual__2026-03-03T08:18:09.287227+00:00 [running]> on host ad601963dc0b
[2026-03-03T08:23:40.329+0000] {taskinstance.py:2480} INFO - Exporting env vars: AIRFLOW_CTX_DAG_OWNER='etl_user' AIRFLOW_CTX_DAG_ID='etl_pipeline' AIRFLOW_CTX_TASK_ID='transform_timesheet' AIRFLOW_CTX_EXECUTION_DATE='2026-03-03T08:18:09.287227+00:00' AIRFLOW_CTX_TRY_NUMBER='2' AIRFLOW_CTX_DAG_RUN_ID='manual__2026-03-03T08:18:09.287227+00:00'
[2026-03-03T08:23:41.591+0000] {transform_silver.py:175} ERROR - Failed to transform timesheet: Can only use .str accessor with string values!
[2026-03-03T08:23:41.602+0000] {taskinstance.py:2698} ERROR - Task failed with exception
Traceback (most recent call last):
  File "/home/airflow/.local/lib/python3.8/site-packages/airflow/models/taskinstance.py", line 433, in _execute_task
    result = execute_callable(context=context, **execute_callable_kwargs)
  File "/home/airflow/.local/lib/python3.8/site-packages/airflow/operators/python.py", line 199, in execute
    return_value = self.execute_callable()
  File "/home/airflow/.local/lib/python3.8/site-packages/airflow/operators/python.py", line 216, in execute_callable
    return self.python_callable(*self.op_args, **self.op_kwargs)
  File "/opt/airflow/src/etl/transform_silver.py", line 114, in transform_timesheet
    chunk[col] = chunk[col].str.strip()
  File "/home/airflow/.local/lib/python3.8/site-packages/pandas/core/generic.py", line 5989, in __getattr__
    return object.__getattribute__(self, name)
  File "/home/airflow/.local/lib/python3.8/site-packages/pandas/core/accessor.py", line 224, in __get__
    accessor_obj = self._accessor(obj)
  File "/home/airflow/.local/lib/python3.8/site-packages/pandas/core/strings/accessor.py", line 181, in __init__
    self._inferred_dtype = self._validate(data)
  File "/home/airflow/.local/lib/python3.8/site-packages/pandas/core/strings/accessor.py", line 235, in _validate
    raise AttributeError("Can only use .str accessor with string values!")
AttributeError: Can only use .str accessor with string values!
[2026-03-03T08:23:41.664+0000] {taskinstance.py:1138} INFO - Marking task as FAILED. dag_id=etl_pipeline, task_id=transform_timesheet, execution_date=20260303T081809, start_date=20260303T082339, end_date=20260303T082341
[2026-03-03T08:23:41.694+0000] {standard_task_runner.py:107} ERROR - Failed to execute job 73 for task transform_timesheet (Can only use .str accessor with string values!; 406)
[2026-03-03T08:23:41.724+0000] {local_task_job_runner.py:234} INFO - Task exited with return code 1
[2026-03-03T08:23:41.776+0000] {taskinstance.py:3280} INFO - 0 downstream tasks scheduled from follow-on schedule check
