[2026-03-03T08:39:09.336+0000] {taskinstance.py:1956} INFO - Dependencies all met for dep_context=non-requeueable deps ti=<TaskInstance: etl_pipeline.transform_timesheet manual__2026-03-03T08:38:41.567326+00:00 [queued]>
[2026-03-03T08:39:09.342+0000] {taskinstance.py:1956} INFO - Dependencies all met for dep_context=requeueable deps ti=<TaskInstance: etl_pipeline.transform_timesheet manual__2026-03-03T08:38:41.567326+00:00 [queued]>
[2026-03-03T08:39:09.342+0000] {taskinstance.py:2170} INFO - Starting attempt 1 of 2
[2026-03-03T08:39:09.351+0000] {taskinstance.py:2191} INFO - Executing <Task(PythonOperator): transform_timesheet> on 2026-03-03 08:38:41.567326+00:00
[2026-03-03T08:39:09.357+0000] {standard_task_runner.py:60} INFO - Started process 190 to run task
[2026-03-03T08:39:09.363+0000] {standard_task_runner.py:87} INFO - Running: ['airflow', 'tasks', 'run', 'etl_pipeline', 'transform_timesheet', 'manual__2026-03-03T08:38:41.567326+00:00', '--job-id', '78', '--raw', '--subdir', 'DAGS_FOLDER/etl_dag.py', '--cfg-path', '/tmp/tmpradl5djl']
[2026-03-03T08:39:09.365+0000] {standard_task_runner.py:88} INFO - Job 78: Subtask transform_timesheet
[2026-03-03T08:39:09.419+0000] {task_command.py:423} INFO - Running <TaskInstance: etl_pipeline.transform_timesheet manual__2026-03-03T08:38:41.567326+00:00 [running]> on host ad601963dc0b
[2026-03-03T08:39:09.664+0000] {taskinstance.py:2480} INFO - Exporting env vars: AIRFLOW_CTX_DAG_OWNER='etl_user' AIRFLOW_CTX_DAG_ID='etl_pipeline' AIRFLOW_CTX_TASK_ID='transform_timesheet' AIRFLOW_CTX_EXECUTION_DATE='2026-03-03T08:38:41.567326+00:00' AIRFLOW_CTX_TRY_NUMBER='1' AIRFLOW_CTX_DAG_RUN_ID='manual__2026-03-03T08:38:41.567326+00:00'
[2026-03-03T08:39:11.699+0000] {transform_silver.py:179} INFO - Inserted 8 timesheet rows
[2026-03-03T08:39:11.857+0000] {transform_silver.py:179} INFO - Inserted 36 timesheet rows
[2026-03-03T08:39:11.927+0000] {transform_silver.py:179} INFO - Inserted 12 timesheet rows
[2026-03-03T08:39:12.104+0000] {transform_silver.py:179} INFO - Inserted 9 timesheet rows
[2026-03-03T08:39:12.179+0000] {transform_silver.py:179} INFO - Inserted 33 timesheet rows
[2026-03-03T08:39:12.244+0000] {transform_silver.py:179} INFO - Inserted 10 timesheet rows
[2026-03-03T08:39:15.620+0000] {transform_silver.py:179} INFO - Inserted 62 timesheet rows
[2026-03-03T08:39:16.877+0000] {transform_silver.py:179} INFO - Inserted 2 timesheet rows
[2026-03-03T08:39:17.196+0000] {transform_silver.py:179} INFO - Inserted 28 timesheet rows
[2026-03-03T08:39:17.273+0000] {transform_silver.py:179} INFO - Inserted 34 timesheet rows
[2026-03-03T08:39:17.534+0000] {transform_silver.py:179} INFO - Inserted 15 timesheet rows
[2026-03-03T08:39:17.607+0000] {transform_silver.py:179} INFO - Inserted 6 timesheet rows
[2026-03-03T08:39:17.672+0000] {transform_silver.py:179} INFO - Inserted 4 timesheet rows
[2026-03-03T08:39:17.743+0000] {transform_silver.py:179} INFO - Inserted 35 timesheet rows
[2026-03-03T08:39:17.815+0000] {transform_silver.py:179} INFO - Inserted 23 timesheet rows
[2026-03-03T08:39:17.882+0000] {transform_silver.py:179} INFO - Inserted 25 timesheet rows
[2026-03-03T08:39:18.134+0000] {transform_silver.py:179} INFO - Inserted 38 timesheet rows
[2026-03-03T08:39:18.204+0000] {transform_silver.py:179} INFO - Inserted 22 timesheet rows
[2026-03-03T08:39:18.271+0000] {transform_silver.py:179} INFO - Inserted 21 timesheet rows
[2026-03-03T08:39:18.457+0000] {transform_silver.py:179} INFO - Inserted 7 timesheet rows
[2026-03-03T08:39:18.536+0000] {transform_silver.py:179} INFO - Inserted 60 timesheet rows
[2026-03-03T08:39:18.611+0000] {transform_silver.py:179} INFO - Inserted 36 timesheet rows
[2026-03-03T08:39:18.955+0000] {transform_silver.py:179} INFO - Inserted 9 timesheet rows
[2026-03-03T08:39:19.072+0000] {transform_silver.py:179} INFO - Inserted 45 timesheet rows
[2026-03-03T08:39:19.173+0000] {transform_silver.py:179} INFO - Inserted 30 timesheet rows
[2026-03-03T08:39:19.394+0000] {transform_silver.py:181} INFO - Total inserted: 610
[2026-03-03T08:39:19.395+0000] {transform_silver.py:182} WARNING - Total skipped (missing employee): 411961
[2026-03-03T08:39:19.396+0000] {python.py:201} INFO - Done. Returned value was: None
[2026-03-03T08:39:19.444+0000] {taskinstance.py:1138} INFO - Marking task as SUCCESS. dag_id=etl_pipeline, task_id=transform_timesheet, execution_date=20260303T083841, start_date=20260303T083909, end_date=20260303T083919
[2026-03-03T08:39:19.501+0000] {local_task_job_runner.py:234} INFO - Task exited with return code 0
[2026-03-03T08:39:19.545+0000] {taskinstance.py:3280} INFO - 1 downstream tasks scheduled from follow-on schedule check
